app/build/intermediates/manifest_merge_blame_file/release/processReleaseMainManifest/manifest-merger-blame-release-report.txt
1<?xml version="1.0" encoding="utf-8"?>
2<manifest xmlns:android="http://schemas.android.com/apk/res/android"
3    package="com.example.wearappupdater"
4    android:versionCode="8"
5    android:versionName="1.7.0" >
6
7    <uses-sdk
8        android:minSdkVersion="30"
9        android:targetSdkVersion="33" />
10
11    <uses-permission android:name="android.permission.INTERNET" />
11-->src/main/AndroidManifest.xml:5:5-67
11-->src/main/AndroidManifest.xml:5:22-64
12    <uses-permission android:name="android.permission.ACCESS_NETWORK_STATE" />
12-->src/main/AndroidManifest.xml:6:5-79
12-->src/main/AndroidManifest.xml:6:22-76
13    <uses-permission android:name="android.permission.REQUEST_INSTALL_PACKAGES" />
13-->src/main/AndroidManifest.xml:7:5-83
13-->src/main/AndroidManifest.xml:7:22-80
14    <uses-permission android:name="android.permission.QUERY_ALL_PACKAGES" />
14-->src/main/AndroidManifest.xml:8:5-119
14-->src/main/AndroidManifest.xml:8:22-74
15    <uses-permission
15-->src/main/AndroidManifest.xml:9:5-107
16        android:name="android.permission.READ_EXTERNAL_STORAGE"
16-->src/main/AndroidManifest.xml:9:22-77
17        android:maxSdkVersion="32" />
17-->src/main/AndroidManifest.xml:9:78-104
18    <uses-permission
18-->src/main/AndroidManifest.xml:10:5-108
19        android:name="android.permission.WRITE_EXTERNAL_STORAGE"
19-->src/main/AndroidManifest.xml:10:22-78
20        android:maxSdkVersion="32" />
20-->src/main/AndroidManifest.xml:10:79-105
21    <uses-permission android:name="android.permission.MANAGE_EXTERNAL_STORAGE" />
21-->src/main/AndroidManifest.xml:11:5-82
21-->src/main/AndroidManifest.xml:11:22-79
22
23    <uses-feature android:name="android.hardware.type.watch" />
23-->src/main/AndroidManifest.xml:13:5-64
23-->src/main/AndroidManifest.xml:13:19-61
24
25    <queries>
25-->src/main/AndroidManifest.xml:15:5-33:15
26        <package android:name="com.example.wearhealthsuite" />
26-->src/main/AndroidManifest.xml:16:9-63
26-->src/main/AndroidManifest.xml:16:18-60
27        <package android:name="com.example.wearblescanner" />
27-->src/main/AndroidManifest.xml:17:9-62
27-->src/main/AndroidManifest.xml:17:18-59
28        <package android:name="com.example.wearbaroalt" />
28-->src/main/AndroidManifest.xml:18:9-59
28-->src/main/AndroidManifest.xml:18:18-56
29        <package android:name="com.example.wearosbrowser" />
29-->src/main/AndroidManifest.xml:19:9-61
29-->src/main/AndroidManifest.xml:19:18-58
30        <package android:name="com.example.wearfileserver" />
30-->src/main/AndroidManifest.xml:20:9-62
30-->src/main/AndroidManifest.xml:20:18-59
31        <package android:name="com.example.wearfilemanager" />
31-->src/main/AndroidManifest.xml:21:9-63
31-->src/main/AndroidManifest.xml:21:18-60
32        <package android:name="com.example.wearosfilemanager" />
32-->src/main/AndroidManifest.xml:22:9-65
32-->src/main/AndroidManifest.xml:22:18-62
33        <package android:name="com.example.weardiagnostics" />
33-->src/main/AndroidManifest.xml:23:9-63
33-->src/main/AndroidManifest.xml:23:18-60
34        <package android:name="com.example.wearmaps" />
34-->src/main/AndroidManifest.xml:24:9-56
34-->src/main/AndroidManifest.xml:24:18-53
35        <package android:name="com.example.wearcompass" />
35-->src/main/AndroidManifest.xml:25:9-59
35-->src/main/AndroidManifest.xml:25:18-56
36        <package android:name="com.example.wearwifitools" />
36-->src/main/AndroidManifest.xml:26:9-61
36-->src/main/AndroidManifest.xml:26:18-58
37        <package android:name="com.example.wearpdfreader" />
37-->src/main/AndroidManifest.xml:27:9-61
37-->src/main/AndroidManifest.xml:27:18-58
38        <package android:name="com.example.weargram" />
38-->src/main/AndroidManifest.xml:28:9-56
38-->src/main/AndroidManifest.xml:28:18-53
39
40        <intent>
40-->src/main/AndroidManifest.xml:29:9-32:18
41            <action android:name="android.intent.action.MAIN" />
41-->src/main/AndroidManifest.xml:30:13-65
41-->src/main/AndroidManifest.xml:30:21-62
42
43            <category android:name="android.intent.category.LAUNCHER" />
43-->src/main/AndroidManifest.xml:31:13-73
43-->src/main/AndroidManifest.xml:31:23-70
44        </intent>
45    </queries>
46
47    <permission
47-->[androidx.core:core:1.12.0] AndroidManifest.xml:22:5-24:47
48        android:name="com.example.wearappupdater.DYNAMIC_RECEIVER_NOT_EXPORTED_PERMISSION"
48-->[androidx.core:core:1.12.0] AndroidManifest.xml:23:9-81
49        android:protectionLevel="signature" />
49-->[androidx.core:core:1.12.0] AndroidManifest.xml:24:9-44
50
51    <uses-permission android:name="com.example.wearappupdater.DYNAMIC_RECEIVER_NOT_EXPORTED_PERMISSION" />
51-->[androidx.core:core:1.12.0] AndroidManifest.xml:26:5-97
51-->[androidx.core:core:1.12.0] AndroidManifest.xml:26:22-94
52
53    <application
53-->src/main/AndroidManifest.xml:35:5-64:19
54        android:allowBackup="true"
54-->src/main/AndroidManifest.xml:36:9-35
55        android:appComponentFactory="androidx.core.app.CoreComponentFactory"
55-->[androidx.core:core:1.12.0] AndroidManifest.xml:28:18-86
56        android:extractNativeLibs="false"
57        android:icon="@drawable/ic_launcher"
57-->src/main/AndroidManifest.xml:37:9-45
58        android:label="WearAppUpdater"
58-->src/main/AndroidManifest.xml:39:9-39
59        android:roundIcon="@drawable/ic_launcher_round"
59-->src/main/AndroidManifest.xml:38:9-56
60        android:supportsRtl="true"
60-->src/main/AndroidManifest.xml:40:9-35
61        android:theme="@android:style/Theme.DeviceDefault"
61-->src/main/AndroidManifest.xml:41:9-59
62        android:usesCleartextTraffic="true" >
62-->src/main/AndroidManifest.xml:42:9-44
63        <activity
63-->src/main/AndroidManifest.xml:44:9-53:20
64            android:name="com.example.wearappupdater.MainActivity"
64-->src/main/AndroidManifest.xml:45:13-41
65            android:exported="true"
65-->src/main/AndroidManifest.xml:46:13-36
66            android:taskAffinity=""
66-->src/main/AndroidManifest.xml:47:13-36
67            android:theme="@android:style/Theme.DeviceDefault" >
67-->src/main/AndroidManifest.xml:48:13-63
68            <intent-filter>
68-->src/main/AndroidManifest.xml:49:13-52:29
69                <action android:name="android.intent.action.MAIN" />
69-->src/main/AndroidManifest.xml:30:13-65
69-->src/main/AndroidManifest.xml:30:21-62
70
71                <category android:name="android.intent.category.LAUNCHER" />
71-->src/main/AndroidManifest.xml:31:13-73
71-->src/main/AndroidManifest.xml:31:23-70
72            </intent-filter>
73        </activity>
74
75        <provider
76            android:name="androidx.core.content.FileProvider"
76-->src/main/AndroidManifest.xml:56:13-62
77            android:authorities="com.example.wearappupdater.fileprovider"
77-->src/main/AndroidManifest.xml:57:13-64
78            android:exported="false"
78-->src/main/AndroidManifest.xml:58:13-37
79            android:grantUriPermissions="true" >
79-->src/main/AndroidManifest.xml:59:13-47
80            <meta-data
80-->src/main/AndroidManifest.xml:60:13-62:54
81                android:name="android.support.FILE_PROVIDER_PATHS"
81-->src/main/AndroidManifest.xml:61:17-67
82                android:resource="@xml/file_paths" />
82-->src/main/AndroidManifest.xml:62:17-51
83        </provider>
84
85        <activity
85-->[com.google.android.gms:play-services-base:18.0.1] AndroidManifest.xml:20:9-22:45
86            android:name="com.google.android.gms.common.api.GoogleApiActivity"
86-->[com.google.android.gms:play-services-base:18.0.1] AndroidManifest.xml:20:19-85
87            android:exported="false"
87-->[com.google.android.gms:play-services-base:18.0.1] AndroidManifest.xml:22:19-43
88            android:theme="@android:style/Theme.Translucent.NoTitleBar" />
88-->[com.google.android.gms:play-services-base:18.0.1] AndroidManifest.xml:21:19-78
89
90        <meta-data
90-->[com.google.android.gms:play-services-basement:18.0.0] AndroidManifest.xml:21:9-23:69
91            android:name="com.google.android.gms.version"
91-->[com.google.android.gms:play-services-basement:18.0.0] AndroidManifest.xml:22:13-58
92            android:value="@integer/google_play_services_version" />
92-->[com.google.android.gms:play-services-basement:18.0.0] AndroidManifest.xml:23:13-66
93
94        <provider
94-->[androidx.emoji2:emoji2:1.3.0] AndroidManifest.xml:24:9-32:20
95            android:name="androidx.startup.InitializationProvider"
95-->[androidx.emoji2:emoji2:1.3.0] AndroidManifest.xml:25:13-67
96            android:authorities="com.example.wearappupdater.androidx-startup"
96-->[androidx.emoji2:emoji2:1.3.0] AndroidManifest.xml:26:13-68
97            android:exported="false" >
97-->[androidx.emoji2:emoji2:1.3.0] AndroidManifest.xml:27:13-37
98            <meta-data
98-->[androidx.emoji2:emoji2:1.3.0] AndroidManifest.xml:29:13-31:52
99                android:name="androidx.emoji2.text.EmojiCompatInitializer"
99-->[androidx.emoji2:emoji2:1.3.0] AndroidManifest.xml:30:17-75
100                android:value="androidx.startup" />
100-->[androidx.emoji2:emoji2:1.3.0] AndroidManifest.xml:31:17-49
101            <meta-data
101-->[androidx.lifecycle:lifecycle-process:2.7.0] AndroidManifest.xml:29:13-31:52
102                android:name="androidx.lifecycle.ProcessLifecycleInitializer"
102-->[androidx.lifecycle:lifecycle-process:2.7.0] AndroidManifest.xml:30:17-78
103                android:value="androidx.startup" />
103-->[androidx.lifecycle:lifecycle-process:2.7.0] AndroidManifest.xml:31:17-49
104            <meta-data
104-->[androidx.profileinstaller:profileinstaller:1.3.0] AndroidManifest.xml:29:13-31:52
105                android:name="androidx.profileinstaller.ProfileInstallerInitializer"
105-->[androidx.profileinstaller:profileinstaller:1.3.0] AndroidManifest.xml:30:17-85
106                android:value="androidx.startup" />
106-->[androidx.profileinstaller:profileinstaller:1.3.0] AndroidManifest.xml:31:17-49
107        </provider>
108
109        <receiver
109-->[androidx.profileinstaller:profileinstaller:1.3.0] AndroidManifest.xml:34:9-52:20
110            android:name="androidx.profileinstaller.ProfileInstallReceiver"
110-->[androidx.profileinstaller:profileinstaller:1.3.0] AndroidManifest.xml:35:13-76
111            android:directBootAware="false"
111-->[androidx.profileinstaller:profileinstaller:1.3.0] AndroidManifest.xml:36:13-44
112            android:enabled="true"
112-->[androidx.profileinstaller:profileinstaller:1.3.0] AndroidManifest.xml:37:13-35
113            android:exported="true"
113-->[androidx.profileinstaller:profileinstaller:1.3.0] AndroidManifest.xml:38:13-36
114            android:permission="android.permission.DUMP" >
114-->[androidx.profileinstaller:profileinstaller:1.3.0] AndroidManifest.xml:39:13-57
115            <intent-filter>
115-->[androidx.profileinstaller:profileinstaller:1.3.0] AndroidManifest.xml:40:13-42:29
116                <action android:name="androidx.profileinstaller.action.INSTALL_PROFILE" />
116-->[androidx.profileinstaller:profileinstaller:1.3.0] AndroidManifest.xml:41:17-91
116-->[androidx.profileinstaller:profileinstaller:1.3.0] AndroidManifest.xml:41:25-88
117            </intent-filter>
118            <intent-filter>
118-->[androidx.profileinstaller:profileinstaller:1.3.0] AndroidManifest.xml:43:13-45:29
119                <action android:name="androidx.profileinstaller.action.SKIP_FILE" />
119-->[androidx.profileinstaller:profileinstaller:1.3.0] AndroidManifest.xml:44:17-85
119-->[androidx.profileinstaller:profileinstaller:1.3.0] AndroidManifest.xml:44:25-82
120            </intent-filter>
121            <intent-filter>
121-->[androidx.profileinstaller:profileinstaller:1.3.0] AndroidManifest.xml:46:13-48:29
122                <action android:name="androidx.profileinstaller.action.SAVE_PROFILE" />
122-->[androidx.profileinstaller:profileinstaller:1.3.0] AndroidManifest.xml:47:17-88
122-->[androidx.profileinstaller:profileinstaller:1.3.0] AndroidManifest.xml:47:25-85
123            </intent-filter>
124            <intent-filter>
124-->[androidx.profileinstaller:profileinstaller:1.3.0] AndroidManifest.xml:49:13-51:29
125                <action android:name="androidx.profileinstaller.action.BENCHMARK_OPERATION" />
125-->[androidx.profileinstaller:profileinstaller:1.3.0] AndroidManifest.xml:50:17-95
125-->[androidx.profileinstaller:profileinstaller:1.3.0] AndroidManifest.xml:50:25-92
126            </intent-filter>
127        </receiver>
128    </application>
129
130</manifest>